<?xml version="1.0" encoding="UTF-8"?>
<!-- Generated by org.testng.reporters.JUnitReportReporter -->
<testsuite hostname="Niya" failures="0" tests="2" name="tests.UpdateProductTest" time="0.084" errors="0" timestamp="2025-10-26T16:38:32 WIB" skipped="0">
  <testcase classname="tests.UpdateProductTest" name="testUpdateWithoutTokenShouldFail" time="0.038"/>
  <testcase classname="tests.UpdateProductTest" name="testUpdateProductWithAuth" time="0.046"/>
</testsuite> <!-- tests.UpdateProductTest -->
