<?xml version="1.0" encoding="UTF-8"?>
<!-- Generated by org.testng.reporters.JUnitReportReporter -->
<testsuite hostname="Niya" failures="0" tests="1" name="tests.AddProductTest" time="4.306" errors="0" timestamp="2025-10-26T16:38:32 WIB" skipped="0">
  <testcase classname="tests.AddProductTest" name="testAddProductSuccessfully" time="4.306"/>
</testsuite> <!-- tests.AddProductTest -->
