<?xml version="1.0" encoding="UTF-8"?>
<!-- Generated by org.testng.reporters.JUnitReportReporter -->
<testsuite hostname="Niya" failures="0" tests="1" name="tests.GetProductTest" time="0.159" errors="0" timestamp="2025-10-26T16:38:32 WIB" skipped="0">
  <testcase classname="tests.GetProductTest" name="testGetAllProducts" time="0.159"/>
</testsuite> <!-- tests.GetProductTest -->
